app/build/outputs/logs/manifest-merger-normal-release-report.txt
-- Merging decision tree log ---
provider#androidx.core.content.FileProvider
INJECTED from src/main/AndroidManifest.xml:249:9-257:20
	android:grantUriPermissions
		ADDED from src/main/AndroidManifest.xml:253:13-47
	android:authorities
		INJECTED from src/main/AndroidManifest.xml
		ADDED from src/main/AndroidManifest.xml:251:13-51
	android:exported
		ADDED from src/main/AndroidManifest.xml:252:13-37
	android:name
		ADDED from src/main/AndroidManifest.xml:250:13-62
manifest
ADDED from src/main/AndroidManifest.xml:2:1-264:12
INJECTED from src/main/AndroidManifest.xml:2:1-264:12
INJECTED from src/main/AndroidManifest.xml:2:1-264:12
INJECTED from src/main/AndroidManifest.xml:2:1-264:12
MERGED from [androidx.multidex:multidex:2.0.0] AndroidManifest.xml:17:1-22:12
MERGED from [:appthemehelper] AndroidManifest.xml:2:1-11:12
MERGED from [com.afollestad.material-dialogs:commons:0.9.6.0] AndroidManifest.xml:2:1-14:12
MERGED from [com.afollestad.material-dialogs:core:0.9.6.0] AndroidManifest.xml:2:1-15:12
MERGED from [com.afollestad:material-cab:0.1.12] AndroidManifest.xml:2:1-14:12
MERGED from [com.h6ah4i.android.widget.advrecyclerview:advrecyclerview:0.11.0] AndroidManifest.xml:17:1-27:12
MERGED from [uk.co.chrisjenx:calligraphy:2.3.0] AndroidManifest.xml:2:1-13:12
MERGED from [me.zhanghai.android.materialprogressbar:library:1.4.2] AndroidManifest.xml:6:1-16:12
MERGED from [androidx.legacy:legacy-preference-v14:1.0.0] AndroidManifest.xml:17:1-22:12
MERGED from [androidx.preference:preference:1.0.0] AndroidManifest.xml:17:1-22:12
MERGED from [com.google.android.material:material:1.0.0] AndroidManifest.xml:17:1-24:12
MERGED from [com.google.android.gms:play-services-cast-framework:16.1.0] AndroidManifest.xml:2:1-22:12
MERGED from [com.google.android.gms:play-services-cast:16.1.0] AndroidManifest.xml:17:1-24:12
MERGED from [androidx.mediarouter:mediarouter:1.0.0] AndroidManifest.xml:17:1-22:12
MERGED from [androidx.appcompat:appcompat:1.0.2] AndroidManifest.xml:17:1-22:12
MERGED from [androidx.legacy:legacy-support-v13:1.0.0] AndroidManifest.xml:17:1-22:12
MERGED from [com.r0adkll:slidableactivity:2.0.6] AndroidManifest.xml:2:1-11:12
MERGED from [com.github.hannesa2:AndroidSlidingUpPanel:3.5.0] AndroidManifest.xml:2:1-11:12
MERGED from [com.google.android.gms:play-services-flags:16.0.1] AndroidManifest.xml:17:1-22:12
MERGED from [com.google.android.gms:play-services-base:16.0.1] AndroidManifest.xml:17:1-29:12
MERGED from [com.google.android.gms:play-services-tasks:16.0.1] AndroidManifest.xml:2:1-9:12
MERGED from [com.google.android.gms:play-services-basement:16.0.1] AndroidManifest.xml:17:1-28:12
MERGED from [androidx.legacy:legacy-support-v4:1.0.0] AndroidManifest.xml:17:1-22:12
MERGED from [androidx.fragment:fragment:1.0.0] AndroidManifest.xml:17:1-22:12
MERGED from [com.github.ksoichiro:android-observablescrollview:1.6.0] AndroidManifest.xml:17:1-23:12
MERGED from [com.github.kabouzeid:RecyclerView-FastScroll:1.0.16-kmod] AndroidManifest.xml:2:1-9:12
MERGED from [androidx.recyclerview:recyclerview:1.0.0] AndroidManifest.xml:17:1-22:12
MERGED from [androidx.gridlayout:gridlayout:1.0.0] AndroidManifest.xml:17:1-22:12
MERGED from [androidx.cardview:cardview:1.0.0] AndroidManifest.xml:17:1-22:12
MERGED from [androidx.palette:palette:1.0.0] AndroidManifest.xml:17:1-22:12
MERGED from [com.jakewharton:butterknife:9.0.0-rc1] AndroidManifest.xml:2:1-7:12
MERGED from [com.jakewharton:butterknife-runtime:9.0.0-rc1] AndroidManifest.xml:2:1-7:12
MERGED from [androidx.vectordrawable:vectordrawable-animated:1.0.0] AndroidManifest.xml:17:1-22:12
MERGED from [androidx.legacy:legacy-support-core-ui:1.0.0] AndroidManifest.xml:17:1-22:12
MERGED from [androidx.legacy:legacy-support-core-utils:1.0.0] AndroidManifest.xml:17:1-22:12
MERGED from [androidx.loader:loader:1.0.0] AndroidManifest.xml:17:1-22:12
MERGED from [androidx.lifecycle:lifecycle-viewmodel:2.0.0] AndroidManifest.xml:17:1-22:12
MERGED from [androidx.vectordrawable:vectordrawable:1.0.1] AndroidManifest.xml:17:1-22:12
MERGED from [androidx.transition:transition:1.0.0] AndroidManifest.xml:17:1-22:12
MERGED from [androidx.media:media:1.0.0] AndroidManifest.xml:17:1-22:12
MERGED from [androidx.viewpager:viewpager:1.0.0] AndroidManifest.xml:17:1-22:12
MERGED from [androidx.coordinatorlayout:coordinatorlayout:1.0.0] AndroidManifest.xml:17:1-22:12
MERGED from [androidx.drawerlayout:drawerlayout:1.0.0] AndroidManifest.xml:17:1-22:12
MERGED from [androidx.slidingpanelayout:slidingpanelayout:1.0.0] AndroidManifest.xml:17:1-22:12
MERGED from [androidx.customview:customview:1.0.0] AndroidManifest.xml:17:1-22:12
MERGED from [androidx.swiperefreshlayout:swiperefreshlayout:1.0.0] AndroidManifest.xml:17:1-22:12
MERGED from [androidx.asynclayoutinflater:asynclayoutinflater:1.0.0] AndroidManifest.xml:17:1-22:12
MERGED from [androidx.core:core:1.0.1] AndroidManifest.xml:17:1-24:12
MERGED from [androidx.versionedparcelable:versionedparcelable:1.0.0] AndroidManifest.xml:17:1-25:12
MERGED from [androidx.cursoradapter:cursoradapter:1.0.0] AndroidManifest.xml:17:1-22:12
MERGED from [androidx.interpolator:interpolator:1.0.0] AndroidManifest.xml:17:1-22:12
MERGED from [androidx.documentfile:documentfile:1.0.0] AndroidManifest.xml:17:1-22:12
MERGED from [androidx.localbroadcastmanager:localbroadcastmanager:1.0.0] AndroidManifest.xml:17:1-22:12
MERGED from [androidx.print:print:1.0.0] AndroidManifest.xml:17:1-22:12
MERGED from [androidx.lifecycle:lifecycle-runtime:2.0.0] AndroidManifest.xml:17:1-22:12
MERGED from [androidx.lifecycle:lifecycle-livedata:2.0.0] AndroidManifest.xml:17:1-22:12
MERGED from [androidx.lifecycle:lifecycle-livedata-core:2.0.0] AndroidManifest.xml:17:1-22:12
MERGED from [androidx.arch.core:core-runtime:2.0.0] AndroidManifest.xml:17:1-22:12
MERGED from [io.reactivex.rxjava2:rxandroid:2.0.2] AndroidManifest.xml:15:1-21:12
MERGED from [com.github.AdrienPoupa:jaudiotagger:2.2.3] AndroidManifest.xml:2:1-12:12
INJECTED from src/main/AndroidManifest.xml:2:1-264:12
INJECTED from src/main/AndroidManifest.xml:2:1-264:12
INJECTED from src/main/AndroidManifest.xml:2:1-264:12
	package
		ADDED from src/main/AndroidManifest.xml:3:5-42
		INJECTED from src/main/AndroidManifest.xml
		INJECTED from src/main/AndroidManifest.xml
	android:versionName
		INJECTED from src/main/AndroidManifest.xml
		ADDED from src/main/AndroidManifest.xml:2:1-264:12
		INJECTED from src/main/AndroidManifest.xml
	android:versionCode
		INJECTED from src/main/AndroidManifest.xml
		ADDED from src/main/AndroidManifest.xml:2:1-264:12
		INJECTED from src/main/AndroidManifest.xml
	xmlns:android
		ADDED from src/main/AndroidManifest.xml:2:11-69
uses-permission#android.permission.WAKE_LOCK
ADDED from src/main/AndroidManifest.xml:5:5-68
	android:name
		ADDED from src/main/AndroidManifest.xml:5:22-65
uses-permission#android.permission.READ_EXTERNAL_STORAGE
ADDED from src/main/AndroidManifest.xml:6:5-80
	android:name
		ADDED from src/main/AndroidManifest.xml:6:22-77
uses-permission#android.permission.WRITE_EXTERNAL_STORAGE
ADDED from src/main/AndroidManifest.xml:7:5-81
	android:name
		ADDED from src/main/AndroidManifest.xml:7:22-78
uses-permission#android.permission.INTERNET
ADDED from src/main/AndroidManifest.xml:8:5-67
	android:name
		ADDED from src/main/AndroidManifest.xml:8:22-64
uses-permission#android.permission.ACCESS_NETWORK_STATE
ADDED from src/main/AndroidManifest.xml:9:5-79
	android:name
		ADDED from src/main/AndroidManifest.xml:9:22-76
uses-permission#android.permission.BROADCAST_STICKY
ADDED from src/main/AndroidManifest.xml:10:5-75
	android:name
		ADDED from src/main/AndroidManifest.xml:10:22-72
uses-permission#android.permission.WRITE_SETTINGS
ADDED from src/main/AndroidManifest.xml:11:5-73
	android:name
		ADDED from src/main/AndroidManifest.xml:11:22-70
uses-permission#android.permission.RECEIVE_BOOT_COMPLETED
ADDED from src/main/AndroidManifest.xml:12:5-81
	android:name
		ADDED from src/main/AndroidManifest.xml:12:22-78
uses-permission#com.android.vending.BILLING
ADDED from src/main/AndroidManifest.xml:13:5-67
	android:name
		ADDED from src/main/AndroidManifest.xml:13:22-64
uses-permission#android.permission.FOREGROUND_SERVICE
ADDED from src/main/AndroidManifest.xml:14:5-77
MERGED from [com.google.android.gms:play-services-cast-framework:16.1.0] AndroidManifest.xml:7:5-77
MERGED from [com.google.android.gms:play-services-cast-framework:16.1.0] AndroidManifest.xml:7:5-77
	android:name
		ADDED from src/main/AndroidManifest.xml:14:22-74
application
ADDED from src/main/AndroidManifest.xml:16:5-262:19
MERGED from [com.afollestad.material-dialogs:commons:0.9.6.0] AndroidManifest.xml:12:5-20
MERGED from [com.afollestad.material-dialogs:commons:0.9.6.0] AndroidManifest.xml:12:5-20
MERGED from [com.afollestad.material-dialogs:core:0.9.6.0] AndroidManifest.xml:13:5-20
MERGED from [com.afollestad.material-dialogs:core:0.9.6.0] AndroidManifest.xml:13:5-20
MERGED from [com.afollestad:material-cab:0.1.12] AndroidManifest.xml:12:5-20
MERGED from [com.afollestad:material-cab:0.1.12] AndroidManifest.xml:12:5-20
MERGED from [uk.co.chrisjenx:calligraphy:2.3.0] AndroidManifest.xml:11:5-20
MERGED from [uk.co.chrisjenx:calligraphy:2.3.0] AndroidManifest.xml:11:5-20
MERGED from [com.google.android.material:material:1.0.0] AndroidManifest.xml:22:5-20
MERGED from [com.google.android.material:material:1.0.0] AndroidManifest.xml:22:5-20
MERGED from [com.google.android.gms:play-services-cast-framework:16.1.0] AndroidManifest.xml:9:5-20:19
MERGED from [com.google.android.gms:play-services-cast-framework:16.1.0] AndroidManifest.xml:9:5-20:19
MERGED from [com.google.android.gms:play-services-cast:16.1.0] AndroidManifest.xml:22:5-20
MERGED from [com.google.android.gms:play-services-cast:16.1.0] AndroidManifest.xml:22:5-20
MERGED from [com.r0adkll:slidableactivity:2.0.6] AndroidManifest.xml:9:5-20
MERGED from [com.r0adkll:slidableactivity:2.0.6] AndroidManifest.xml:9:5-20
MERGED from [com.github.hannesa2:AndroidSlidingUpPanel:3.5.0] AndroidManifest.xml:9:5-20
MERGED from [com.github.hannesa2:AndroidSlidingUpPanel:3.5.0] AndroidManifest.xml:9:5-20
MERGED from [com.google.android.gms:play-services-base:16.0.1] AndroidManifest.xml:22:5-27:19
MERGED from [com.google.android.gms:play-services-base:16.0.1] AndroidManifest.xml:22:5-27:19
MERGED from [com.google.android.gms:play-services-tasks:16.0.1] AndroidManifest.xml:7:5-20
MERGED from [com.google.android.gms:play-services-tasks:16.0.1] AndroidManifest.xml:7:5-20
MERGED from [com.google.android.gms:play-services-basement:16.0.1] AndroidManifest.xml:22:5-26:19
MERGED from [com.google.android.gms:play-services-basement:16.0.1] AndroidManifest.xml:22:5-26:19
MERGED from [androidx.core:core:1.0.1] AndroidManifest.xml:22:5-89
MERGED from [androidx.core:core:1.0.1] AndroidManifest.xml:22:5-89
MERGED from [androidx.versionedparcelable:versionedparcelable:1.0.0] AndroidManifest.xml:22:5-23:19
MERGED from [androidx.versionedparcelable:versionedparcelable:1.0.0] AndroidManifest.xml:22:5-23:19
	android:appComponentFactory
		ADDED from [androidx.core:core:1.0.1] AndroidManifest.xml:22:18-86
	android:supportsRtl
		ADDED from src/main/AndroidManifest.xml:22:9-35
	android:label
		ADDED from src/main/AndroidManifest.xml:20:9-41
	android:roundIcon
		ADDED from src/main/AndroidManifest.xml:21:9-54
	android:icon
		ADDED from src/main/AndroidManifest.xml:19:9-43
	android:allowBackup
		ADDED from src/main/AndroidManifest.xml:18:9-36
	android:theme
		ADDED from src/main/AndroidManifest.xml:23:9-54
	android:usesCleartextTraffic
		ADDED from src/main/AndroidManifest.xml:24:9-44
	android:name
		ADDED from src/main/AndroidManifest.xml:17:9-41
activity#code.name.monkey.retromusic.ui.activities.MainActivity
ADDED from src/main/AndroidManifest.xml:25:9-97:20
	android:label
		ADDED from src/main/AndroidManifest.xml:27:13-45
	android:name
		ADDED from src/main/AndroidManifest.xml:26:13-55
intent-filter#action:name:android.intent.action.MAIN+action:name:android.intent.action.MUSIC_PLAYER+category:name:android.intent.category.APP_MUSIC+category:name:android.intent.category.DEFAULT+category:name:android.intent.category.LAUNCHER
ADDED from src/main/AndroidManifest.xml:28:13-35:29
action#android.intent.action.MAIN
ADDED from src/main/AndroidManifest.xml:29:17-69
	android:name
		ADDED from src/main/AndroidManifest.xml:29:25-66
action#android.intent.action.MUSIC_PLAYER
ADDED from src/main/AndroidManifest.xml:30:17-77
	android:name
		ADDED from src/main/AndroidManifest.xml:30:25-74
category#android.intent.category.LAUNCHER
ADDED from src/main/AndroidManifest.xml:32:17-77
	android:name
		ADDED from src/main/AndroidManifest.xml:32:27-74
category#android.intent.category.APP_MUSIC
ADDED from src/main/AndroidManifest.xml:33:17-78
	android:name
		ADDED from src/main/AndroidManifest.xml:33:27-75
category#android.intent.category.DEFAULT
ADDED from src/main/AndroidManifest.xml:34:17-76
	android:name
		ADDED from src/main/AndroidManifest.xml:34:27-73
intent-filter#action:name:android.media.action.MEDIA_PLAY_FROM_SEARCH+category:name:android.intent.category.DEFAULT
ADDED from src/main/AndroidManifest.xml:36:13-40:29
action#android.media.action.MEDIA_PLAY_FROM_SEARCH
ADDED from src/main/AndroidManifest.xml:37:17-86
	android:name
		ADDED from src/main/AndroidManifest.xml:37:25-83
intent-filter#action:name:android.intent.action.VIEW+category:name:android.intent.category.DEFAULT+data:mimeType:application/itunes+data:mimeType:application/ogg+data:mimeType:application/x-ogg+data:mimeType:audio/*+data:scheme:content
ADDED from src/main/AndroidManifest.xml:41:13-51:29
action#android.intent.action.VIEW
ADDED from src/main/AndroidManifest.xml:42:17-69
	android:name
		ADDED from src/main/AndroidManifest.xml:42:25-66
data
ADDED from src/main/AndroidManifest.xml:46:17-50
	android:scheme
		ADDED from src/main/AndroidManifest.xml:46:23-47
	android:mimeType
		ADDED from src/main/AndroidManifest.xml:47:23-49
intent-filter#action:name:android.intent.action.VIEW+category:name:android.intent.category.DEFAULT+data:mimeType:application/itunes+data:mimeType:application/ogg+data:mimeType:application/x-ogg+data:mimeType:audio/*+data:scheme:file
ADDED from src/main/AndroidManifest.xml:52:13-62:29
intent-filter#action:name:android.intent.action.VIEW+category:name:android.intent.category.BROWSABLE+category:name:android.intent.category.DEFAULT+data:mimeType:application/itunes+data:mimeType:application/ogg+data:mimeType:application/x-ogg+data:mimeType:audio/*+data:scheme:http
ADDED from src/main/AndroidManifest.xml:63:13-74:29
category#android.intent.category.BROWSABLE
ADDED from src/main/AndroidManifest.xml:67:17-78
	android:name
		ADDED from src/main/AndroidManifest.xml:67:27-75
intent-filter#action:name:android.intent.action.VIEW+category:name:android.intent.category.DEFAULT+data:mimeType:vnd.android.cursor.dir/albums+data:mimeType:vnd.android.cursor.dir/artists+data:mimeType:vnd.android.cursor.dir/playlist
ADDED from src/main/AndroidManifest.xml:75:13-83:29
intent-filter#action:name:com.cyanogenmod.eleven.AUDIO_PLAYER+category:name:android.intent.category.DEFAULT
ADDED from src/main/AndroidManifest.xml:84:13-88:29
action#com.cyanogenmod.eleven.AUDIO_PLAYER
ADDED from src/main/AndroidManifest.xml:85:17-78
	android:name
		ADDED from src/main/AndroidManifest.xml:85:25-75
intent-filter#action:name:android.intent.action.PICK+category:name:android.intent.category.DEFAULT+category:name:android.intent.category.OPENABLE+data:mimeType:vnd.android.cursor.dir/audio
ADDED from src/main/AndroidManifest.xml:89:13-96:29
action#android.intent.action.PICK
ADDED from src/main/AndroidManifest.xml:90:17-69
	android:name
		ADDED from src/main/AndroidManifest.xml:90:25-66
category#android.intent.category.OPENABLE
ADDED from src/main/AndroidManifest.xml:93:17-77
	android:name
		ADDED from src/main/AndroidManifest.xml:93:27-74
activity#code.name.monkey.retromusic.ui.activities.AlbumDetailsActivity
ADDED from src/main/AndroidManifest.xml:98:9-72
	android:name
		ADDED from src/main/AndroidManifest.xml:98:19-69
activity#code.name.monkey.retromusic.ui.activities.ArtistDetailActivity
ADDED from src/main/AndroidManifest.xml:99:9-72
	android:name
		ADDED from src/main/AndroidManifest.xml:99:19-69
activity#code.name.monkey.retromusic.ui.activities.PlaylistDetailActivity
ADDED from src/main/AndroidManifest.xml:100:9-74
	android:name
		ADDED from src/main/AndroidManifest.xml:100:19-71
activity#code.name.monkey.retromusic.ui.activities.PlayingQueueActivity
ADDED from src/main/AndroidManifest.xml:101:9-72
	android:name
		ADDED from src/main/AndroidManifest.xml:101:19-69
activity#code.name.monkey.retromusic.ui.activities.AboutActivity
ADDED from src/main/AndroidManifest.xml:102:9-65
	android:name
		ADDED from src/main/AndroidManifest.xml:102:19-62
activity#code.name.monkey.retromusic.ui.activities.tageditor.AlbumTagEditorActivity
ADDED from src/main/AndroidManifest.xml:103:9-84
	android:name
		ADDED from src/main/AndroidManifest.xml:103:19-81
activity#code.name.monkey.retromusic.ui.activities.tageditor.SongTagEditorActivity
ADDED from src/main/AndroidManifest.xml:104:9-83
	android:name
		ADDED from src/main/AndroidManifest.xml:104:19-80
activity#code.name.monkey.retromusic.ui.activities.SettingsActivity
ADDED from src/main/AndroidManifest.xml:105:9-68
	android:name
		ADDED from src/main/AndroidManifest.xml:105:19-65
activity#code.name.monkey.retromusic.ui.activities.SearchActivity
ADDED from src/main/AndroidManifest.xml:106:9-108:20
	android:windowSoftInputMode
		ADDED from src/main/AndroidManifest.xml:107:19-61
	android:name
		ADDED from src/main/AndroidManifest.xml:106:19-63
activity#code.name.monkey.retromusic.ui.activities.LyricsActivity
ADDED from src/main/AndroidManifest.xml:109:9-66
	android:name
		ADDED from src/main/AndroidManifest.xml:109:19-63
activity#code.name.monkey.retromusic.ui.activities.UserInfoActivity
ADDED from src/main/AndroidManifest.xml:110:9-68
	android:name
		ADDED from src/main/AndroidManifest.xml:110:19-65
activity#code.name.monkey.retromusic.appshortcuts.AppShortcutLauncherActivity
ADDED from src/main/AndroidManifest.xml:111:9-114:75
	android:launchMode
		ADDED from src/main/AndroidManifest.xml:113:13-48
	android:theme
		ADDED from src/main/AndroidManifest.xml:114:13-72
	android:name
		ADDED from src/main/AndroidManifest.xml:112:13-69
activity#code.name.monkey.retromusic.ui.activities.LockScreenActivity
ADDED from src/main/AndroidManifest.xml:115:9-120:47
	android:screenOrientation
		ADDED from src/main/AndroidManifest.xml:119:13-55
	android:launchMode
		ADDED from src/main/AndroidManifest.xml:118:13-48
	android:autoRemoveFromRecents
		ADDED from src/main/AndroidManifest.xml:117:13-49
	android:showOnLockScreen
		ADDED from src/main/AndroidManifest.xml:120:13-44
	android:name
		ADDED from src/main/AndroidManifest.xml:116:13-61
activity#code.name.monkey.retromusic.ui.activities.SupportDevelopmentActivity
ADDED from src/main/AndroidManifest.xml:121:9-78
	android:name
		ADDED from src/main/AndroidManifest.xml:121:19-75
activity#code.name.monkey.retromusic.ui.activities.GenreDetailsActivity
ADDED from src/main/AndroidManifest.xml:122:9-72
	android:name
		ADDED from src/main/AndroidManifest.xml:122:19-69
activity#code.name.monkey.retromusic.ui.activities.LicenseActivity
ADDED from src/main/AndroidManifest.xml:123:9-67
	android:name
		ADDED from src/main/AndroidManifest.xml:123:19-64
activity#code.name.monkey.retromusic.ui.activities.ProVersionActivity
ADDED from src/main/AndroidManifest.xml:124:9-70
	android:name
		ADDED from src/main/AndroidManifest.xml:124:19-67
activity#code.name.monkey.retromusic.ui.activities.EqualizerActivity
ADDED from src/main/AndroidManifest.xml:125:9-69
	android:name
		ADDED from src/main/AndroidManifest.xml:125:19-66
activity#code.name.monkey.retromusic.ui.activities.ErrorHandlerActivity
ADDED from src/main/AndroidManifest.xml:126:9-72
	android:name
		ADDED from src/main/AndroidManifest.xml:126:19-69
activity#code.name.monkey.retromusic.cast.ExpandedCastControlsActivity
ADDED from src/main/AndroidManifest.xml:127:9-132:70
	android:screenOrientation
		ADDED from src/main/AndroidManifest.xml:131:13-49
	android:label
		ADDED from src/main/AndroidManifest.xml:129:13-45
	android:launchMode
		ADDED from src/main/AndroidManifest.xml:130:13-48
	android:theme
		ADDED from src/main/AndroidManifest.xml:132:13-67
	android:name
		ADDED from src/main/AndroidManifest.xml:128:13-62
service#code.name.monkey.retromusic.service.MusicService
ADDED from src/main/AndroidManifest.xml:134:9-136:38
	android:enabled
		ADDED from src/main/AndroidManifest.xml:136:13-35
	android:name
		ADDED from src/main/AndroidManifest.xml:135:13-49
service#code.name.monkey.retromusic.service.WearBrowserService
ADDED from src/main/AndroidManifest.xml:137:9-143:19
	android:exported
		ADDED from src/main/AndroidManifest.xml:139:13-36
	android:name
		ADDED from src/main/AndroidManifest.xml:138:13-55
intent-filter#action:name:android.media.browse.MediaBrowserService
ADDED from src/main/AndroidManifest.xml:140:13-142:29
action#android.media.browse.MediaBrowserService
ADDED from src/main/AndroidManifest.xml:141:17-83
	android:name
		ADDED from src/main/AndroidManifest.xml:141:25-80
receiver#code.name.monkey.retromusic.appwidgets.BootReceiver
ADDED from src/main/AndroidManifest.xml:166:9-171:20
	android:name
		ADDED from src/main/AndroidManifest.xml:166:19-58
intent-filter#action:name:android.intent.action.BOOT_COMPLETED+action:name:android.intent.action.QUICKBOOT_POWERON
ADDED from src/main/AndroidManifest.xml:167:13-170:29
action#android.intent.action.BOOT_COMPLETED
ADDED from src/main/AndroidManifest.xml:168:17-79
	android:name
		ADDED from src/main/AndroidManifest.xml:168:25-76
action#android.intent.action.QUICKBOOT_POWERON
ADDED from src/main/AndroidManifest.xml:169:17-82
	android:name
		ADDED from src/main/AndroidManifest.xml:169:25-79
receiver#code.name.monkey.retromusic.appwidgets.AppWidgetBig
ADDED from src/main/AndroidManifest.xml:172:9-183:20
	android:label
		ADDED from src/main/AndroidManifest.xml:175:13-56
	android:exported
		ADDED from src/main/AndroidManifest.xml:174:13-37
	android:name
		ADDED from src/main/AndroidManifest.xml:173:13-52
intent-filter#action:name:android.appwidget.action.APPWIDGET_UPDATE
ADDED from src/main/AndroidManifest.xml:176:13-178:29
action#android.appwidget.action.APPWIDGET_UPDATE
ADDED from src/main/AndroidManifest.xml:177:17-84
	android:name
		ADDED from src/main/AndroidManifest.xml:177:25-81
meta-data#android.appwidget.provider
ADDED from src/main/AndroidManifest.xml:180:13-182:63
	android:resource
		ADDED from src/main/AndroidManifest.xml:182:17-60
	android:name
		ADDED from src/main/AndroidManifest.xml:181:17-58
receiver#code.name.monkey.retromusic.appwidgets.AppWidgetClassic
ADDED from src/main/AndroidManifest.xml:184:9-195:20
	android:label
		ADDED from src/main/AndroidManifest.xml:187:13-60
	android:exported
		ADDED from src/main/AndroidManifest.xml:186:13-37
	android:name
		ADDED from src/main/AndroidManifest.xml:185:13-56
receiver#code.name.monkey.retromusic.appwidgets.AppWidgetSmall
ADDED from src/main/AndroidManifest.xml:196:9-207:20
	android:label
		ADDED from src/main/AndroidManifest.xml:199:13-58
	android:exported
		ADDED from src/main/AndroidManifest.xml:198:13-37
	android:name
		ADDED from src/main/AndroidManifest.xml:197:13-54
receiver#code.name.monkey.retromusic.appwidgets.AppWidgetCard
ADDED from src/main/AndroidManifest.xml:208:9-219:20
	android:label
		ADDED from src/main/AndroidManifest.xml:211:13-57
	android:exported
		ADDED from src/main/AndroidManifest.xml:210:13-37
	android:name
		ADDED from src/main/AndroidManifest.xml:209:13-53
receiver#code.name.monkey.retromusic.service.MediaButtonIntentReceiver
ADDED from src/main/AndroidManifest.xml:220:9-224:20
	android:name
		ADDED from src/main/AndroidManifest.xml:220:19-68
intent-filter#action:name:android.intent.action.MEDIA_BUTTON
ADDED from src/main/AndroidManifest.xml:221:13-223:29
action#android.intent.action.MEDIA_BUTTON
ADDED from src/main/AndroidManifest.xml:222:17-77
	android:name
		ADDED from src/main/AndroidManifest.xml:222:25-74
meta-data#android.max_aspect
ADDED from src/main/AndroidManifest.xml:227:9-229:35
	android:value
		ADDED from src/main/AndroidManifest.xml:229:13-32
	android:name
		ADDED from src/main/AndroidManifest.xml:228:13-46
meta-data#com.lge.support.SPLIT_WINDOW
ADDED from src/main/AndroidManifest.xml:230:9-232:36
	android:value
		ADDED from src/main/AndroidManifest.xml:232:13-33
	android:name
		ADDED from src/main/AndroidManifest.xml:231:13-56
meta-data#code.name.monkey.retromusic.glide.RetroMusicGlideModule
ADDED from src/main/AndroidManifest.xml:233:9-235:43
	android:value
		ADDED from src/main/AndroidManifest.xml:235:13-40
	android:name
		ADDED from src/main/AndroidManifest.xml:234:13-83
meta-data#com.bumptech.glide.integration.okhttp3.OkHttpGlideModule
ADDED from src/main/AndroidManifest.xml:236:9-238:43
	android:value
		ADDED from src/main/AndroidManifest.xml:238:13-40
	android:name
		ADDED from src/main/AndroidManifest.xml:237:13-84
meta-data#com.google.android.gms.cast.framework.OPTIONS_PROVIDER_CLASS_NAME
ADDED from src/main/AndroidManifest.xml:239:9-241:84
	android:value
		ADDED from src/main/AndroidManifest.xml:241:13-81
	android:name
		ADDED from src/main/AndroidManifest.xml:240:13-93
activity#code.name.monkey.retromusic.ui.activities.WhatsNewActivity
ADDED from src/main/AndroidManifest.xml:259:9-77
	android:name
		ADDED from src/main/AndroidManifest.xml:259:19-65
activity#code.name.monkey.retromusic.ui.activities.album.SmallAlbumDetailsActivity
ADDED from src/main/AndroidManifest.xml:260:9-83
	android:name
		ADDED from src/main/AndroidManifest.xml:260:19-80
activity#code.name.monkey.retromusic.ui.activities.NowPayingActivity
ADDED from src/main/AndroidManifest.xml:261:9-69
	android:name
		ADDED from src/main/AndroidManifest.xml:261:19-66
uses-sdk
INJECTED from src/main/AndroidManifest.xml reason: use-sdk injection requested
INJECTED from src/main/AndroidManifest.xml
INJECTED from src/main/AndroidManifest.xml
MERGED from [androidx.multidex:multidex:2.0.0] AndroidManifest.xml:20:5-43
MERGED from [androidx.multidex:multidex:2.0.0] AndroidManifest.xml:20:5-43
MERGED from [:appthemehelper] AndroidManifest.xml:7:5-9:41
MERGED from [:appthemehelper] AndroidManifest.xml:7:5-9:41
MERGED from [com.afollestad.material-dialogs:commons:0.9.6.0] AndroidManifest.xml:8:5-10:41
MERGED from [com.afollestad.material-dialogs:commons:0.9.6.0] AndroidManifest.xml:8:5-10:41
MERGED from [com.afollestad.material-dialogs:core:0.9.6.0] AndroidManifest.xml:8:5-11:75
MERGED from [com.afollestad.material-dialogs:core:0.9.6.0] AndroidManifest.xml:8:5-11:75
MERGED from [com.afollestad:material-cab:0.1.12] AndroidManifest.xml:8:5-10:41
MERGED from [com.afollestad:material-cab:0.1.12] AndroidManifest.xml:8:5-10:41
MERGED from [com.h6ah4i.android.widget.advrecyclerview:advrecyclerview:0.11.0] AndroidManifest.xml:23:5-25:41
MERGED from [com.h6ah4i.android.widget.advrecyclerview:advrecyclerview:0.11.0] AndroidManifest.xml:23:5-25:41
MERGED from [uk.co.chrisjenx:calligraphy:2.3.0] AndroidManifest.xml:7:5-9:41
MERGED from [uk.co.chrisjenx:calligraphy:2.3.0] AndroidManifest.xml:7:5-9:41
MERGED from [me.zhanghai.android.materialprogressbar:library:1.4.2] AndroidManifest.xml:12:5-14:41
MERGED from [me.zhanghai.android.materialprogressbar:library:1.4.2] AndroidManifest.xml:12:5-14:41
MERGED from [androidx.legacy:legacy-preference-v14:1.0.0] AndroidManifest.xml:20:5-44
MERGED from [androidx.legacy:legacy-preference-v14:1.0.0] AndroidManifest.xml:20:5-44
MERGED from [androidx.preference:preference:1.0.0] AndroidManifest.xml:20:5-44
MERGED from [androidx.preference:preference:1.0.0] AndroidManifest.xml:20:5-44
MERGED from [com.google.android.material:material:1.0.0] AndroidManifest.xml:20:5-44
MERGED from [com.google.android.material:material:1.0.0] AndroidManifest.xml:20:5-44
MERGED from [com.google.android.gms:play-services-cast-framework:16.1.0] AndroidManifest.xml:5:5-44
MERGED from [com.google.android.gms:play-services-cast-framework:16.1.0] AndroidManifest.xml:5:5-44
MERGED from [com.google.android.gms:play-services-cast:16.1.0] AndroidManifest.xml:20:5-44
MERGED from [com.google.android.gms:play-services-cast:16.1.0] AndroidManifest.xml:20:5-44
MERGED from [androidx.mediarouter:mediarouter:1.0.0] AndroidManifest.xml:20:5-44
MERGED from [androidx.mediarouter:mediarouter:1.0.0] AndroidManifest.xml:20:5-44
MERGED from [androidx.appcompat:appcompat:1.0.2] AndroidManifest.xml:20:5-44
MERGED from [androidx.appcompat:appcompat:1.0.2] AndroidManifest.xml:20:5-44
MERGED from [androidx.legacy:legacy-support-v13:1.0.0] AndroidManifest.xml:20:5-44
MERGED from [androidx.legacy:legacy-support-v13:1.0.0] AndroidManifest.xml:20:5-44
MERGED from [com.r0adkll:slidableactivity:2.0.6] AndroidManifest.xml:5:5-7:41
MERGED from [com.r0adkll:slidableactivity:2.0.6] AndroidManifest.xml:5:5-7:41
MERGED from [com.github.hannesa2:AndroidSlidingUpPanel:3.5.0] AndroidManifest.xml:7:5-44
MERGED from [com.github.hannesa2:AndroidSlidingUpPanel:3.5.0] AndroidManifest.xml:7:5-44
MERGED from [com.google.android.gms:play-services-flags:16.0.1] AndroidManifest.xml:20:5-44
MERGED from [com.google.android.gms:play-services-flags:16.0.1] AndroidManifest.xml:20:5-44
MERGED from [com.google.android.gms:play-services-base:16.0.1] AndroidManifest.xml:20:5-44
MERGED from [com.google.android.gms:play-services-base:16.0.1] AndroidManifest.xml:20:5-44
MERGED from [com.google.android.gms:play-services-tasks:16.0.1] AndroidManifest.xml:5:5-44
MERGED from [com.google.android.gms:play-services-tasks:16.0.1] AndroidManifest.xml:5:5-44
MERGED from [com.google.android.gms:play-services-basement:16.0.1] AndroidManifest.xml:20:5-44
MERGED from [com.google.android.gms:play-services-basement:16.0.1] AndroidManifest.xml:20:5-44
MERGED from [androidx.legacy:legacy-support-v4:1.0.0] AndroidManifest.xml:20:5-44